2020-11-09 19:26:11 [httpLog] {"method":"GET","url":"/","data":{},"startTime":"2020-11-09 19:26:11","endTime":"2020-11-09 19:26:11","timeLength":1}
2020-11-09 19:30:45 [httpLog] {"method":"GET","url":"/","data":{},"startTime":"2020-11-09 19:30:45","endTime":"2020-11-09 19:30:45","timeLength":2}
2020-11-09 19:31:55 [httpLog] {"method":"POST","url":"/api/user/register","data":{"username":"test1","password":"1234"},"startTime":"2020-11-09 19:31:55","endTime":"2020-11-09 19:31:55","timeLength":30}
2020-11-09 19:32:23 [httpLog] {"method":"POST","url":"/api/user/register","data":{"username":"test1","password":"1234"},"startTime":"2020-11-09 19:32:23","endTime":"2020-11-09 19:32:23","timeLength":11}
2020-11-09 19:33:20 [httpLog] {"method":"POST","url":"/api/user/register","data":{"username":"test2","password":"1234"},"startTime":"2020-11-09 19:33:20","endTime":"2020-11-09 19:33:20","timeLength":23}
2020-11-09 19:34:29 [httpLog] {"method":"POST","url":"/api/user/register","data":{"username":"test3","password":"1234"},"startTime":"2020-11-09 19:34:29","endTime":"2020-11-09 19:34:29","timeLength":79}
2020-11-09 19:34:42 [httpLog] {"method":"POST","url":"/api/user/register","data":{"username":"test4","password":"1234"},"startTime":"2020-11-09 19:34:42","endTime":"2020-11-09 19:34:42","timeLength":82}
2020-11-09 19:37:18 [httpLog] {"method":"POST","url":"/api/user/register","data":{"username":"test5","password":"1234"},"startTime":"2020-11-09 19:37:18","endTime":"2020-11-09 19:37:18","timeLength":75}
2020-11-09 19:42:40 [httpLog] {"method":"POST","url":"/api/user/register","data":{"username":"test6","password":"1234"},"startTime":"2020-11-09 19:42:40","endTime":"2020-11-09 19:42:40","timeLength":80}
2020-11-09 19:45:59 [httpLog] {"method":"POST","url":"/api/user/register","data":{"username":"test7","password":"1234"},"startTime":"2020-11-09 19:45:59","endTime":"2020-11-09 19:45:59","timeLength":89}
2020-11-09 19:46:19 [httpLog] {"method":"POST","url":"/api/user/register","data":{"username":"test8","password":"1234"},"startTime":"2020-11-09 19:46:19","endTime":"2020-11-09 19:46:19","timeLength":80}
2020-11-09 19:47:46 [httpLog] {"method":"POST","url":"/api/user/register","data":{"username":"test9","password":"1234"},"startTime":"2020-11-09 19:47:46","endTime":"2020-11-09 19:47:46","timeLength":88}
2020-11-09 19:53:24 [httpLog] {"method":"POST","url":"/api/user/register","data":{"username":"test10","password":"1234"},"startTime":"2020-11-09 19:53:24","endTime":"2020-11-09 19:53:24","timeLength":88}
2020-11-09 19:54:09 [httpLog] {"method":"POST","url":"/api/user/register","data":{"username":"test11","password":"1234"},"startTime":"2020-11-09 19:54:09","endTime":"2020-11-09 19:54:09","timeLength":78}
2020-11-09 19:54:41 [httpLog] {"method":"POST","url":"/api/user/register","data":{"username":"test11","password":"1234"},"startTime":"2020-11-09 19:54:41","endTime":"2020-11-09 19:54:41","timeLength":18}
2020-11-09 19:54:44 [httpLog] {"method":"POST","url":"/api/user/register","data":{"username":"test12","password":"1234"},"startTime":"2020-11-09 19:54:44","endTime":"2020-11-09 19:54:44","timeLength":71}
2020-11-09 20:04:05 [httpLog] {"method":"POST","url":"/api/user/register","data":{"username":"test13","password":"1234"},"startTime":"2020-11-09 20:04:05","endTime":"2020-11-09 20:04:05","timeLength":83}
2020-11-10 15:51:19 [httpLog] {"method":"POST","url":"/api/user/register","data":{"username":"test1","password":"1234"},"startTime":"2020-11-10 15:51:19","endTime":"2020-11-10 15:51:19","timeLength":20}
2020-11-10 15:53:06 [httpLog] {"method":"POST","url":"/api/user/login","data":{"username":"test13","password":"1234"},"startTime":"2020-11-10 15:53:06","endTime":"2020-11-10 15:53:06","timeLength":1}
2020-11-10 15:53:45 [httpLog] {"method":"POST","url":"/api/user/login","data":{"username":"test12","password":"1234"},"startTime":"2020-11-10 15:53:45","endTime":"2020-11-10 15:53:45","timeLength":3}
2020-11-10 16:14:36 [httpLog] {"method":"POST","url":"/api/user/register","data":{"username":"test14","password":"1234"},"startTime":"2020-11-10 16:14:36","endTime":"2020-11-10 16:14:36","timeLength":80}
2020-11-10 16:14:44 [httpLog] {"method":"POST","url":"/api/user/login","data":{"username":"test14","password":"1234"},"startTime":"2020-11-10 16:14:44","endTime":"2020-11-10 16:14:44","timeLength":62}
2020-11-10 16:16:41 [httpLog] {"method":"POST","url":"/api/user/login","data":{"username":"test15","password":"1234"},"startTime":"2020-11-10 16:16:41","endTime":"2020-11-10 16:16:41","timeLength":11}
2020-11-10 16:17:24 [httpLog] {"method":"POST","url":"/api/user/register","data":{"username":"test15","password":"1234"},"startTime":"2020-11-10 16:17:24","endTime":"2020-11-10 16:17:24","timeLength":28}
2020-11-10 16:17:53 [httpLog] {"method":"POST","url":"/api/user/login","data":{},"startTime":"2020-11-10 16:17:53","endTime":"2020-11-10 16:17:53","timeLength":3}
2020-11-10 16:18:48 [httpLog] {"method":"POST","url":"/api/user/login","data":{"username":"test15","password":"1234"},"startTime":"2020-11-10 16:18:48","endTime":"2020-11-10 16:18:48","timeLength":14}
2020-11-10 16:29:07 [httpLog] {"method":"POST","url":"/api/user/register","data":{"username":"test1","password":"1234"},"startTime":"2020-11-10 16:29:07","endTime":"2020-11-10 16:29:07","timeLength":29}
2020-11-10 16:29:17 [httpLog] {"method":"POST","url":"/api/user/login","data":{},"startTime":"2020-11-10 16:29:17","endTime":"2020-11-10 16:29:17","timeLength":2}
2020-11-10 16:29:30 [httpLog] {"method":"POST","url":"/api/user/login","data":{"username":"test1","password":"1234"},"startTime":"2020-11-10 16:29:30","endTime":"2020-11-10 16:29:30","timeLength":10}
2020-11-10 16:37:59 [httpLog] {"method":"POST","url":"/api/user/login","data":{"username":"test1","password":"1234"},"startTime":"2020-11-10 16:37:59","endTime":"2020-11-10 16:37:59","timeLength":12}
2020-11-10 16:45:41 [httpLog] {"method":"POST","url":"/api/user/register","data":{"username":"test2","password":"1234"},"startTime":"2020-11-10 16:45:41","endTime":"2020-11-10 16:45:41","timeLength":39}
2020-11-10 16:49:07 [httpLog] {"method":"POST","url":"/api/commons/citys","data":{},"startTime":"2020-11-10 16:49:07","endTime":"2020-11-10 16:49:07","timeLength":0}
2020-11-10 16:49:07 [httpLog] {"method":"POST","url":"/api/house/hot","data":{},"startTime":"2020-11-10 16:49:07","endTime":"2020-11-10 16:49:07","timeLength":0}
2020-11-10 16:50:00 [httpLog] {"method":"POST","url":"/api/commons/citys","data":{},"startTime":"2020-11-10 16:50:00","endTime":"2020-11-10 16:50:00","timeLength":0}
2020-11-10 16:50:00 [httpLog] {"method":"POST","url":"/api/house/hot","data":{},"startTime":"2020-11-10 16:50:00","endTime":"2020-11-10 16:50:00","timeLength":0}
2020-11-10 16:53:06 [httpLog] {"method":"POST","url":"/api/user/login","data":{"username":"test1","password":"1234"},"startTime":"2020-11-10 16:53:06","endTime":"2020-11-10 16:53:06","timeLength":9}
2020-11-10 16:53:15 [httpLog] {"method":"POST","url":"/api/user/login","data":{"username":"test2","password":"123"},"startTime":"2020-11-10 16:53:15","endTime":"2020-11-10 16:53:15","timeLength":4}
2020-11-10 16:53:20 [httpLog] {"method":"POST","url":"/api/user/login","data":{"username":"test2","password":"1234"},"startTime":"2020-11-10 16:53:20","endTime":"2020-11-10 16:53:20","timeLength":3}
2020-11-10 16:56:01 [httpLog] {"method":"POST","url":"/api/user/register","data":{"username":"test3","password":"4321","password2":"4321"},"startTime":"2020-11-10 16:56:01","endTime":"2020-11-10 16:56:01","timeLength":21}
2020-11-10 17:22:31 [httpLog] {"method":"POST","url":"/api/user/detail","data":{"id":10},"startTime":"2020-11-10 17:22:31","endTime":"2020-11-10 17:22:31","timeLength":39}
2020-11-10 17:31:08 [httpLog] {"method":"POST","url":"/api/user/detail","data":{"id":10},"startTime":"2020-11-10 17:31:08","endTime":"2020-11-10 17:31:08","timeLength":15}
2020-11-10 17:31:34 [httpLog] {"method":"POST","url":"/api/order/lists","data":{"pageSize":8,"pageNum":1,"type":0},"startTime":"2020-11-10 17:31:34","endTime":"2020-11-10 17:31:34","timeLength":0}
2020-11-10 17:31:37 [httpLog] {"method":"POST","url":"/api/user/detail","data":{"id":10},"startTime":"2020-11-10 17:31:37","endTime":"2020-11-10 17:31:37","timeLength":15}
2020-11-10 17:32:38 [httpLog] {"method":"POST","url":"/api/user/detail","data":{"id":10},"startTime":"2020-11-10 17:32:38","endTime":"2020-11-10 17:32:38","timeLength":17}
2020-11-10 17:32:38 [httpLog] {"method":"POST","url":"/api/user/detail","data":{"id":10},"startTime":"2020-11-10 17:32:38","endTime":"2020-11-10 17:32:38","timeLength":5}
2020-11-10 17:33:23 [httpLog] {"method":"POST","url":"/api/user/detail","data":{"id":10},"startTime":"2020-11-10 17:33:23","endTime":"2020-11-10 17:33:23","timeLength":14}
2020-11-10 17:50:49 [httpLog] {"method":"POST","url":"/api/user/detail","data":{"id":10},"startTime":"2020-11-10 17:50:49","endTime":"2020-11-10 17:50:49","timeLength":42}
2020-11-10 17:51:59 [httpLog] {"method":"POST","url":"/api/user/detail","data":{"id":10},"startTime":"2020-11-10 17:51:59","endTime":"2020-11-10 17:51:59","timeLength":14}
2020-11-10 17:56:59 [httpLog] {"method":"POST","url":"/api/user/detail","data":{"id":10},"startTime":"2020-11-10 17:56:59","endTime":"2020-11-10 17:56:59","timeLength":18}
2020-11-10 17:57:11 [httpLog] {"method":"POST","url":"/api/user/detail","data":{"id":10},"startTime":"2020-11-10 17:57:11","endTime":"2020-11-10 17:57:11","timeLength":28}
2020-11-10 17:57:13 [httpLog] {"method":"POST","url":"/api/user/logout","data":{},"startTime":"2020-11-10 17:57:13","endTime":"2020-11-10 17:57:13","timeLength":1}
2020-11-10 17:57:18 [httpLog] {"method":"POST","url":"/api/user/detail","data":{"id":10},"startTime":"2020-11-10 17:57:18","endTime":"2020-11-10 17:57:18","timeLength":38}
2020-11-10 17:57:36 [httpLog] {"method":"POST","url":"/api/user/login","data":{"username":"test3","password":"4321"},"startTime":"2020-11-10 17:57:36","endTime":"2020-11-10 17:57:36","timeLength":10}
2020-11-10 17:57:36 [httpLog] {"method":"POST","url":"/api/user/detail","data":{"id":10},"startTime":"2020-11-10 17:57:36","endTime":"2020-11-10 17:57:36","timeLength":6}
2020-11-10 17:57:41 [httpLog] {"method":"POST","url":"/api/user/logout","data":{},"startTime":"2020-11-10 17:57:41","endTime":"2020-11-10 17:57:41","timeLength":0}
2020-11-10 17:59:44 [httpLog] {"method":"POST","url":"/api/user/login","data":{"username":"test1","password":"1234"},"startTime":"2020-11-10 17:59:44","endTime":"2020-11-10 17:59:44","timeLength":7}
2020-11-10 17:59:45 [httpLog] {"method":"POST","url":"/api/user/detail","data":{"id":10},"startTime":"2020-11-10 17:59:45","endTime":"2020-11-10 17:59:45","timeLength":8}
2020-11-10 17:59:49 [httpLog] {"method":"POST","url":"/api/user/logout","data":{},"startTime":"2020-11-10 17:59:49","endTime":"2020-11-10 17:59:49","timeLength":0}
2020-11-10 18:00:36 [httpLog] {"method":"POST","url":"/api/user/detail","data":{"id":10},"startTime":"2020-11-10 18:00:36","endTime":"2020-11-10 18:00:36","timeLength":17}
2020-11-10 18:00:48 [httpLog] {"method":"POST","url":"/api/user/login","data":{"username":"test2","password":"1234"},"startTime":"2020-11-10 18:00:48","endTime":"2020-11-10 18:00:48","timeLength":11}
2020-11-10 18:00:48 [httpLog] {"method":"POST","url":"/api/user/detail","data":{"id":10},"startTime":"2020-11-10 18:00:48","endTime":"2020-11-10 18:00:48","timeLength":8}
2020-11-10 18:00:57 [httpLog] {"method":"POST","url":"/api/user/logout","data":{},"startTime":"2020-11-10 18:00:57","endTime":"2020-11-10 18:00:57","timeLength":0}
